Build started 11/29/2014 8:11:12 PM.
     1>Project "C:\Users\Tai\documents\visual studio 2013\Projects\Assignment 3\Assignment 3\Assignment 3.vcxproj" on node 2 (Build target(s)).
     1>ClCompile:
         C:\Program Files (x86)\Microsoft Visual Studio 12.0\VC\bin\CL.exe /c /I"C:\Program Files\Common Files\MSVC\freeglut\include" /ZI /nologo /W3 /WX- /sdl /Od /Oy- /D WIN32 /D _DEBUG /D _CONSOLE /D _LIB /D _UNICODE /D UNICODE /Gm /EHsc /RTC1 /MDd /GS /fp:precise /Zc:wchar_t /Zc:forScope /Fo"Debug\\" /Fd"Debug\vc120.pdb" /Gd /TP /analyze- /errorReport:prompt main.cpp
         main.cpp
     1>c:\users\tai\documents\visual studio 2013\projects\assignment 3\assignment 3\main.cpp(85): warning C4305: '-=' : truncation from 'double' to 'GLfloat'
     1>c:\users\tai\documents\visual studio 2013\projects\assignment 3\assignment 3\main.cpp(86): warning C4305: '-=' : truncation from 'double' to 'GLfloat'
     1>c:\users\tai\documents\visual studio 2013\projects\assignment 3\assignment 3\main.cpp(101): warning C4305: '+=' : truncation from 'double' to 'GLfloat'
     1>c:\users\tai\documents\visual studio 2013\projects\assignment 3\assignment 3\main.cpp(102): warning C4305: '+=' : truncation from 'double' to 'GLfloat'
     1>c:\users\tai\documents\visual studio 2013\projects\assignment 3\assignment 3\main.cpp(117): warning C4305: '+=' : truncation from 'double' to 'GLfloat'
     1>c:\users\tai\documents\visual studio 2013\projects\assignment 3\assignment 3\main.cpp(118): warning C4305: '+=' : truncation from 'double' to 'GLfloat'
     1>c:\users\tai\documents\visual studio 2013\projects\assignment 3\assignment 3\main.cpp(133): warning C4305: '-=' : truncation from 'double' to 'GLfloat'
     1>c:\users\tai\documents\visual studio 2013\projects\assignment 3\assignment 3\main.cpp(134): warning C4305: '-=' : truncation from 'double' to 'GLfloat'
     1>c:\users\tai\documents\visual studio 2013\projects\assignment 3\assignment 3\main.cpp(202): warning C4244: '=' : conversion from 'double' to 'int', possible loss of data
     1>c:\users\tai\documents\visual studio 2013\projects\assignment 3\assignment 3\main.cpp(203): warning C4244: '=' : conversion from 'double' to 'int', possible loss of data
     1>c:\users\tai\documents\visual studio 2013\projects\assignment 3\assignment 3\main.cpp(204): warning C4244: '=' : conversion from 'double' to 'int', possible loss of data
     1>c:\users\tai\documents\visual studio 2013\projects\assignment 3\assignment 3\main.cpp(205): warning C4244: '=' : conversion from 'double' to 'int', possible loss of data
     1>c:\users\tai\documents\visual studio 2013\projects\assignment 3\assignment 3\main.cpp(208): warning C4244: '=' : conversion from 'double' to 'int', possible loss of data
     1>c:\users\tai\documents\visual studio 2013\projects\assignment 3\assignment 3\main.cpp(209): warning C4244: '=' : conversion from 'double' to 'int', possible loss of data
     1>c:\users\tai\documents\visual studio 2013\projects\assignment 3\assignment 3\main.cpp(210): warning C4244: '=' : conversion from 'double' to 'int', possible loss of data
     1>c:\users\tai\documents\visual studio 2013\projects\assignment 3\assignment 3\main.cpp(211): warning C4244: '=' : conversion from 'double' to 'int', possible loss of data
     1>c:\users\tai\documents\visual studio 2013\projects\assignment 3\assignment 3\main.cpp(283): warning C4244: 'argument' : conversion from 'time_t' to 'unsigned int', possible loss of data
       Link:
         C:\Program Files (x86)\Microsoft Visual Studio 12.0\VC\bin\link.exe /ERRORREPORT:PROMPT /OUT:"C:\Users\Tai\documents\visual studio 2013\Projects\Assignment 3\Debug\Assignment 3.exe" /INCREMENTAL /NOLOGO /LIBPATH:"C:\Program Files\Common Files\MSVC\freeglut\lib" kernel32.lib user32.lib gdi32.lib winspool.lib comdlg32.lib advapi32.lib shell32.lib ole32.lib oleaut32.lib uuid.lib odbc32.lib odbccp32.lib /MANIFEST /MANIFESTUAC:"level='asInvoker' uiAccess='false'" /manifest:embed /DEBUG /PDB:"C:\Users\Tai\documents\visual studio 2013\Projects\Assignment 3\Debug\Assignment 3.pdb" /SUBSYSTEM:CONSOLE /TLBID:1 /ENTRY:"mainCRTStartup" /DYNAMICBASE /NXCOMPAT /IMPLIB:"C:\Users\Tai\documents\visual studio 2013\Projects\Assignment 3\Debug\Assignment 3.lib" /MACHINE:X86 Debug\boilerplateClass.obj
         Debug\cameracontrolClass.obj
         Debug\faultgenClass.obj
         Debug\lightClass.obj
         Debug\main.obj
         Assignment 3.vcxproj -> C:\Users\Tai\documents\visual studio 2013\Projects\Assignment 3\Debug\Assignment 3.exe
     1>Done Building Project "C:\Users\Tai\documents\visual studio 2013\Projects\Assignment 3\Assignment 3\Assignment 3.vcxproj" (Build target(s)).

Build succeeded.

Time Elapsed 00:00:01.92
